<?xml version="1.0" encoding="UTF-8"?>
<robot generator="Robot 6.1.1 (Python 3.11.4 on win32)" generated="20231221 17:16:04.551" rpa="false" schemaversion="4">
<suite id="s1" name="13 Userkeywords" source="D:\RobotFramework2023_December\1\TestCases\13_Userkeywords.robot">
<test id="s1-t1" name="TC1" line="11">
<kw name="Lanuch browser">
<var>${PageTitle}</var>
<arg>${url}</arg>
<arg>${browser}</arg>
<kw name="Open Browser" library="SeleniumLibrary">
<arg>${appurl}</arg>
<arg>${appbrowser}</arg>
<doc>Opens a new browser instance to the optional ``url``.</doc>
<msg timestamp="20231221 17:16:04.980" level="INFO">Opening browser 'chrome' to base url 'https://opensource-demo.orangehrmlive.com'.</msg>
<msg timestamp="20231221 17:16:06.073" level="WARN">The chromedriver version (119.0.6045.105) detected in PATH at C:\Program Files\Python311\Scripts\chromedriver.exe might not be compatible with the detected chrome version (120.0.6099.110); currently, chromedriver 120.0.6099.109 is recommended for chrome 120.*, so it is advised to delete the driver in PATH and retry</msg>
<status status="PASS" starttime="20231221 17:16:04.978" endtime="20231221 17:16:09.942"/>
</kw>
<kw name="Maximize Browser Window" library="SeleniumLibrary">
<doc>Maximizes current browser window.</doc>
<status status="PASS" starttime="20231221 17:16:09.942" endtime="20231221 17:16:10.112"/>
</kw>
<kw name="Get Title" library="SeleniumLibrary">
<var>${title}</var>
<doc>Returns the title of the current page.</doc>
<msg timestamp="20231221 17:16:10.438" level="INFO">${title} = OrangeHRM</msg>
<status status="PASS" starttime="20231221 17:16:10.113" endtime="20231221 17:16:10.438"/>
</kw>
<msg timestamp="20231221 17:16:10.439" level="INFO">${PageTitle} = OrangeHRM</msg>
<status status="PASS" starttime="20231221 17:16:04.977" endtime="20231221 17:16:10.439"/>
</kw>
<kw name="Log To Console" library="BuiltIn">
<arg>${PageTitle}</arg>
<doc>Logs the given message to the console.</doc>
<status status="PASS" starttime="20231221 17:16:10.442" endtime="20231221 17:16:10.443"/>
</kw>
<kw name="Sleep" library="BuiltIn">
<arg>2</arg>
<doc>Pauses the test executed for the given time.</doc>
<msg timestamp="20231221 17:16:12.445" level="INFO">Slept 2 seconds</msg>
<status status="PASS" starttime="20231221 17:16:10.444" endtime="20231221 17:16:12.445"/>
</kw>
<kw name="Login to sytem">
<kw name="Input Text" library="SeleniumLibrary">
<arg>name: username</arg>
<arg>${login}</arg>
<doc>Types the given ``text`` into the text field identified by ``locator``.</doc>
<msg timestamp="20231221 17:16:12.454" level="INFO">Typing text 'Admin' into text field 'name: username'.</msg>
<status status="PASS" starttime="20231221 17:16:12.450" endtime="20231221 17:16:12.606"/>
</kw>
<kw name="Input Password" library="SeleniumLibrary">
<arg>name: password</arg>
<arg>${password}</arg>
<doc>Types the given password into the text field identified by ``locator``.</doc>
<msg timestamp="20231221 17:16:12.607" level="INFO">Typing password into text field 'name: password'.</msg>
<msg timestamp="20231221 17:16:12.669" level="INFO">Temporally setting log level to: NONE</msg>
<msg timestamp="20231221 17:16:12.768" level="INFO">Log level changed from NONE to INFO.</msg>
<status status="PASS" starttime="20231221 17:16:12.606" endtime="20231221 17:16:12.768"/>
</kw>
<kw name="Click Button" library="SeleniumLibrary">
<arg>xpath: /html/body/div/div[1]/div/div[1]/div/div[2]/div[2]/form/div[3]/button</arg>
<doc>Clicks the button identified by ``locator``.</doc>
<msg timestamp="20231221 17:16:12.769" level="INFO">Clicking button 'xpath: /html/body/div/div[1]/div/div[1]/div/div[2]/div[2]/form/div[3]/button'.</msg>
<status status="PASS" starttime="20231221 17:16:12.768" endtime="20231221 17:16:12.891"/>
</kw>
<status status="PASS" starttime="20231221 17:16:12.448" endtime="20231221 17:16:12.892"/>
</kw>
<kw name="Sleep" library="BuiltIn">
<arg>2</arg>
<doc>Pauses the test executed for the given time.</doc>
<msg timestamp="20231221 17:16:14.894" level="INFO">Slept 2 seconds</msg>
<status status="PASS" starttime="20231221 17:16:12.892" endtime="20231221 17:16:14.894"/>
</kw>
<kw name="Create screenshot page">
<kw name="Capture Page Screenshot" library="SeleniumLibrary">
<arg>Keywords.png</arg>
<doc>Takes a screenshot of the current page and embeds it into a log file.</doc>
<msg timestamp="20231221 17:16:15.203" level="INFO" html="true">&lt;/td&gt;&lt;/tr&gt;&lt;tr&gt;&lt;td colspan="3"&gt;&lt;a href="Keywords.png"&gt;&lt;img src="Keywords.png" width="800px"&gt;&lt;/a&gt;</msg>
<status status="PASS" starttime="20231221 17:16:14.897" endtime="20231221 17:16:15.203"/>
</kw>
<status status="PASS" starttime="20231221 17:16:14.897" endtime="20231221 17:16:15.203"/>
</kw>
<kw name="Sleep" library="BuiltIn">
<arg>3</arg>
<doc>Pauses the test executed for the given time.</doc>
<msg timestamp="20231221 17:16:18.205" level="INFO">Slept 3 seconds</msg>
<status status="PASS" starttime="20231221 17:16:15.204" endtime="20231221 17:16:18.205"/>
</kw>
<status status="PASS" starttime="20231221 17:16:04.974" endtime="20231221 17:16:18.206"/>
</test>
<status status="PASS" starttime="20231221 17:16:04.555" endtime="20231221 17:16:18.208"/>
</suite>
<statistics>
<total>
<stat pass="1" fail="0" skip="0">All Tests</stat>
</total>
<tag>
</tag>
<suite>
<stat pass="1" fail="0" skip="0" id="s1" name="13 Userkeywords">13 Userkeywords</stat>
</suite>
</statistics>
<errors>
<msg timestamp="20231221 17:16:06.073" level="WARN">The chromedriver version (119.0.6045.105) detected in PATH at C:\Program Files\Python311\Scripts\chromedriver.exe might not be compatible with the detected chrome version (120.0.6099.110); currently, chromedriver 120.0.6099.109 is recommended for chrome 120.*, so it is advised to delete the driver in PATH and retry</msg>
</errors>
</robot>
